<html>
<head>
<title>TestNG:  Test</title>
<link href="../testng.css" rel="stylesheet" type="text/css" />
<link href="../my-testng.css" rel="stylesheet" type="text/css" />

<style type="text/css">
.log { display: none;} 
.stack-trace { display: none;} 
</style>
<script type="text/javascript">
<!--
function flip(e) {
  current = e.style.display;
  if (current == 'block') {
    e.style.display = 'none';
    return 0;
  }
  else {
    e.style.display = 'block';
    return 1;
  }
}

function toggleBox(szDivId, elem, msg1, msg2)
{
  var res = -1;  if (document.getElementById) {
    res = flip(document.getElementById(szDivId));
  }
  else if (document.all) {
    // this is the way old msie versions work
    res = flip(document.all[szDivId]);
  }
  if(elem) {
    if(res == 0) elem.innerHTML = msg1; else elem.innerHTML = msg2;
  }

}

function toggleAllBoxes() {
  if (document.getElementsByTagName) {
    d = document.getElementsByTagName('div');
    for (i = 0; i < d.length; i++) {
      if (d[i].className == 'log') {
        flip(d[i]);
      }
    }
  }
}

// -->
</script>

</head>
<body>
<h2 align='center'>Test</h2><table border='1' align="center">
<tr>
<td>Tests passed/Failed/Skipped:</td><td>7/3/0</td>
</tr><tr>
<td>Started on:</td><td>Thu Mar 21 11:52:38 IST 2024</td>
</tr>
<tr><td>Total time:</td><td>234 seconds (234326 ms)</td>
</tr><tr>
<td>Included groups:</td><td></td>
</tr><tr>
<td>Excluded groups:</td><td></td>
</tr>
</table><p/>
<small><i>(Hover the method name to see the test class name)</i></small><p/>
<table width='100%' border='1' class='invocation-failed'>
<tr><td colspan='4' align='center'><b>FAILED TESTS</b></td></tr>
<tr><td><b>Test method</b></td>
<td><b>Attribute(s)</b></td>
<td width="30%"><b>Exception</b></td>
<td width="10%"><b>Time (seconds)</b></td>
<td><b>Instance</b></td>
</tr>
<tr>
<td title='Base.TestRunner.runScenario()'><b>runScenario</b><br>Test class: Base.TestRunner<br>Test method: Runs Cucumber Scenarios<br>Parameters: "Verify Product Brand Functionality", "Product Result Search Page"</td>
<td><div><pre>org.openqa.selenium.NoSuchElementException: no such element: Unable to locate element: {&quot;method&quot;:&quot;xpath&quot;,&quot;selector&quot;:&quot;//label[@class=&quot;common-customRadio gender-label undefined&quot;]&quot;}
  (Session info: chrome=122.0.6261.129)
For documentation on this error, please visit: https://www.selenium.dev/documentation/webdriver/troubleshooting/errors#no-such-element-exception
Build info: version: &apos;4.15.0&apos;, revision: &apos;1d14b5521b&apos;
System info: os.name: &apos;Windows 10&apos;, os.arch: &apos;amd64&apos;, os.version: &apos;10.0&apos;, java.version: &apos;17.0.9&apos;
Driver info: org.openqa.selenium.chrome.ChromeDriver
Command: [b444f29911075dc6929535b34877bc40, findElement {using=xpath, value=//label[@class=&quot;common-customRadio gender-label undefined&quot;]}]
Capabilities {acceptInsecureCerts: false, browserName: chrome, browserVersion: 122.0.6261.129, chrome: {chromedriverVersion: 122.0.6261.128 (f18a44fedeb..., userDataDir: C:\Users\SHRI\AppData\Local...}, fedcm:accounts: true, goog:chromeOptions: {debuggerAddress: localhost:56003}, networkConnectionEnabled: false, pageLoadStrategy: normal, platformName: windows, proxy: Proxy(), se:cdp: ws://localhost:56003/devtoo..., se:cdpVersion: 122.0.6261.129, setWindowRect: true, strictFileInteractability: false, timeouts: {implicit: 0, pageLoad: 300000, script: 30000}, unhandledPromptBehavior: dismiss and notify, webauthn:extension:credBlob: true, webauthn:extension:largeBlob: true, webauthn:extension:minPinLength: true, webauthn:extension:prf: true, webauthn:virtualAuthenticators: true}
Session ID: b444f29911075dc6929535b34877bc40
	at org.openqa.selenium.remote.codec.w3c.W3CHttpResponseCodec.createException(W3CHttpResponseCodec.java:200)
	at org.openqa.selenium.remote.codec.w3c.W3CHttpResponseCodec.decode(W3CHttpResponseCodec.java:133)
	at org.openqa.selenium.remote.codec.w3c.W3CHttpResponseCodec.decode(W3CHttpResponseCodec.java:52)
	at org.openqa.selenium.remote.HttpCommandExecutor.execute(HttpCommandExecutor.java:191)
	at org.openqa.selenium.remote.service.DriverCommandExecutor.invokeExecute(DriverCommandExecutor.java:200)
	at org.openqa.selenium.remote.service.DriverCommandExecutor.execute(DriverCommandExecutor.java:175)
	at org.openqa.selenium.remote.RemoteWebDriver.execute(RemoteWebDriver.java:607)
	at org.openqa.selenium.remote.ElementLocation$ElementFinder$2.findElement(ElementLocation.java:165)
	at org.openqa.selenium.remote.ElementLocation.findElement(ElementLocation.java:59)
	at org.openqa.selenium.remote.RemoteWebDriver.findElement(RemoteWebDriver.java:364)
	at org.openqa.selenium.remote.RemoteWebDriver.findElement(RemoteWebDriver.java:358)
	at nop_Commerce_BDD.stepDef.ProductSearchResult.Click_on_Brand(ProductSearchResult.java:20)
	at ✽.Click on Brand(file:///D:/JAVA/nop_Commerce_BDD/src/test/resources/features/VerifyProductSearch.feature:6)
... Removed 5 stack frames</pre></div><a href='#' onClick='toggleBox("stack-trace1107201631", this, "Click to show all stack frames", "Click to hide stack frames")'>Click to show all stack frames</a>
<div class='stack-trace' id='stack-trace1107201631'><pre>org.openqa.selenium.NoSuchElementException: no such element: Unable to locate element: {&quot;method&quot;:&quot;xpath&quot;,&quot;selector&quot;:&quot;//label[@class=&quot;common-customRadio gender-label undefined&quot;]&quot;}
  (Session info: chrome=122.0.6261.129)
For documentation on this error, please visit: https://www.selenium.dev/documentation/webdriver/troubleshooting/errors#no-such-element-exception
Build info: version: &apos;4.15.0&apos;, revision: &apos;1d14b5521b&apos;
System info: os.name: &apos;Windows 10&apos;, os.arch: &apos;amd64&apos;, os.version: &apos;10.0&apos;, java.version: &apos;17.0.9&apos;
Driver info: org.openqa.selenium.chrome.ChromeDriver
Command: [b444f29911075dc6929535b34877bc40, findElement {using=xpath, value=//label[@class=&quot;common-customRadio gender-label undefined&quot;]}]
Capabilities {acceptInsecureCerts: false, browserName: chrome, browserVersion: 122.0.6261.129, chrome: {chromedriverVersion: 122.0.6261.128 (f18a44fedeb..., userDataDir: C:\Users\SHRI\AppData\Local...}, fedcm:accounts: true, goog:chromeOptions: {debuggerAddress: localhost:56003}, networkConnectionEnabled: false, pageLoadStrategy: normal, platformName: windows, proxy: Proxy(), se:cdp: ws://localhost:56003/devtoo..., se:cdpVersion: 122.0.6261.129, setWindowRect: true, strictFileInteractability: false, timeouts: {implicit: 0, pageLoad: 300000, script: 30000}, unhandledPromptBehavior: dismiss and notify, webauthn:extension:credBlob: true, webauthn:extension:largeBlob: true, webauthn:extension:minPinLength: true, webauthn:extension:prf: true, webauthn:virtualAuthenticators: true}
Session ID: b444f29911075dc6929535b34877bc40
	at java.base/jdk.internal.reflect.NativeConstructorAccessorImpl.newInstance0(Native Method)
	at java.base/jdk.internal.reflect.NativeConstructorAccessorImpl.newInstance(NativeConstructorAccessorImpl.java:77)
	at java.base/jdk.internal.reflect.DelegatingConstructorAccessorImpl.newInstance(DelegatingConstructorAccessorImpl.java:45)
	at java.base/java.lang.reflect.Constructor.newInstanceWithCaller(Constructor.java:499)
	at java.base/java.lang.reflect.Constructor.newInstance(Constructor.java:480)
	at org.openqa.selenium.remote.codec.w3c.W3CHttpResponseCodec.createException(W3CHttpResponseCodec.java:200)
	at org.openqa.selenium.remote.codec.w3c.W3CHttpResponseCodec.decode(W3CHttpResponseCodec.java:133)
	at org.openqa.selenium.remote.codec.w3c.W3CHttpResponseCodec.decode(W3CHttpResponseCodec.java:52)
	at org.openqa.selenium.remote.HttpCommandExecutor.execute(HttpCommandExecutor.java:191)
	at org.openqa.selenium.remote.service.DriverCommandExecutor.invokeExecute(DriverCommandExecutor.java:200)
	at org.openqa.selenium.remote.service.DriverCommandExecutor.execute(DriverCommandExecutor.java:175)
	at org.openqa.selenium.remote.RemoteWebDriver.execute(RemoteWebDriver.java:607)
	at org.openqa.selenium.remote.ElementLocation$ElementFinder$2.findElement(ElementLocation.java:165)
	at org.openqa.selenium.remote.ElementLocation.findElement(ElementLocation.java:59)
	at org.openqa.selenium.remote.RemoteWebDriver.findElement(RemoteWebDriver.java:364)
	at org.openqa.selenium.remote.RemoteWebDriver.findElement(RemoteWebDriver.java:358)
	at nop_Commerce_BDD.stepDef.ProductSearchResult.Click_on_Brand(ProductSearchResult.java:20)
	at ✽.Click on Brand(file:///D:/JAVA/nop_Commerce_BDD/src/test/resources/features/VerifyProductSearch.feature:6)
</pre></div></td>
<td>74</td>
<td>Base.TestRunner@6f01b95f</td></tr>
<tr>
<td title='Base.TestRunner.runScenario()'><b>runScenario</b><br>Test class: Base.TestRunner<br>Test method: Runs Cucumber Scenarios<br>Parameters: "Verify Product Search Result when user enters valid product in search box", "Product Search Page"</td>
<td><div><pre>java.lang.AssertionError: The following asserts failed:
	expected [true] but found [false],
	expected [true] but found [false]
	at nop_Commerce_BDD.stepDef.ProductSearch.validateDisplayResult(ProductSearch.java:46)
	at ✽.User should get desired result(file:///D:/JAVA/nop_Commerce_BDD/src/test/resources/features/productsearch.feature:6)
... Removed 2 stack frames</pre></div><a href='#' onClick='toggleBox("stack-trace165337720", this, "Click to show all stack frames", "Click to hide stack frames")'>Click to show all stack frames</a>
<div class='stack-trace' id='stack-trace165337720'><pre>java.lang.AssertionError: The following asserts failed:
	expected [true] but found [false],
	expected [true] but found [false]
	at org.testng.asserts.SoftAssert.assertAll(SoftAssert.java:46)
	at org.testng.asserts.SoftAssert.assertAll(SoftAssert.java:30)
	at nop_Commerce_BDD.stepDef.ProductSearch.validateDisplayResult(ProductSearch.java:46)
	at ✽.User should get desired result(file:///D:/JAVA/nop_Commerce_BDD/src/test/resources/features/productsearch.feature:6)
</pre></div></td>
<td>63</td>
<td>Base.TestRunner@6f01b95f</td></tr>
<tr>
<td title='Base.TestRunner.runScenario()'><b>runScenario</b><br>Test class: Base.TestRunner<br>Test method: Runs Cucumber Scenarios<br>Parameters: "Verify Product Search Result when user enters Invalid product in search box", "Product Search Page"</td>
<td><div><pre>java.lang.AssertionError: expected [We couldn&apos;t find any matches] but found [We couldn&apos;t find any matches!]
	at nop_Commerce_BDD.stepDef.ProductSearch.user_should_get_invalid_search_message(ProductSearch.java:72)
	at ✽.User should get Invalid search message &quot;We couldn&apos;t find any matches&quot;(file:///D:/JAVA/nop_Commerce_BDD/src/test/resources/features/productsearch.feature:12)
... Removed 6 stack frames</pre></div><a href='#' onClick='toggleBox("stack-trace1042366725", this, "Click to show all stack frames", "Click to hide stack frames")'>Click to show all stack frames</a>
<div class='stack-trace' id='stack-trace1042366725'><pre>java.lang.AssertionError: expected [We couldn&apos;t find any matches] but found [We couldn&apos;t find any matches!]
	at org.testng.Assert.fail(Assert.java:110)
	at org.testng.Assert.failNotEquals(Assert.java:1577)
	at org.testng.Assert.assertEqualsImpl(Assert.java:149)
	at org.testng.Assert.assertEquals(Assert.java:131)
	at org.testng.Assert.assertEquals(Assert.java:655)
	at org.testng.Assert.assertEquals(Assert.java:665)
	at nop_Commerce_BDD.stepDef.ProductSearch.user_should_get_invalid_search_message(ProductSearch.java:72)
	at ✽.User should get Invalid search message &quot;We couldn&apos;t find any matches&quot;(file:///D:/JAVA/nop_Commerce_BDD/src/test/resources/features/productsearch.feature:12)
</pre></div></td>
<td>27</td>
<td>Base.TestRunner@6f01b95f</td></tr>
</table><p>
<table width='100%' border='1' class='invocation-passed'>
<tr><td colspan='4' align='center'><b>PASSED TESTS</b></td></tr>
<tr><td><b>Test method</b></td>
<td><b>Attribute(s)</b></td>
<td width="30%"><b>Exception</b></td>
<td width="10%"><b>Time (seconds)</b></td>
<td><b>Instance</b></td>
</tr>
<tr>
<td title='Base.TestRunner.runScenario()'><b>runScenario</b><br>Test class: Base.TestRunner<br>Test method: Runs Cucumber Scenarios<br>Parameters: "Step parameterization", "Learning Paremeterization"</td>
<td></td>
<td>9</td>
<td>Base.TestRunner@6f01b95f</td></tr>
<tr>
<td title='Base.TestRunner.runScenario()'><b>runScenario</b><br>Test class: Base.TestRunner<br>Test method: Runs Cucumber Scenarios<br>Parameters: "Passing list to step definition with key and value", "Learning Paremeterization"</td>
<td></td>
<td>10</td>
<td>Base.TestRunner@6f01b95f</td></tr>
<tr>
<td title='Base.TestRunner.runScenario()'><b>runScenario</b><br>Test class: Base.TestRunner<br>Test method: Runs Cucumber Scenarios<br>Parameters: "This is my first data driven test case", "Learning Paremeterization"</td>
<td></td>
<td>9</td>
<td>Base.TestRunner@6f01b95f</td></tr>
<tr>
<td title='Base.TestRunner.runScenario()'><b>runScenario</b><br>Test class: Base.TestRunner<br>Test method: Runs Cucumber Scenarios<br>Parameters: "Passing list to step definition", "Learning Paremeterization"</td>
<td></td>
<td>9</td>
<td>Base.TestRunner@6f01b95f</td></tr>
<tr>
<td title='Base.TestRunner.runScenario()'><b>runScenario</b><br>Test class: Base.TestRunner<br>Test method: Runs Cucumber Scenarios<br>Parameters: "This is my first data driven test case", "Learning Paremeterization"</td>
<td></td>
<td>10</td>
<td>Base.TestRunner@6f01b95f</td></tr>
<tr>
<td title='Base.TestRunner.runScenario()'><b>runScenario</b><br>Test class: Base.TestRunner<br>Test method: Runs Cucumber Scenarios<br>Parameters: "This is my first data driven test case", "Learning Paremeterization"</td>
<td></td>
<td>9</td>
<td>Base.TestRunner@6f01b95f</td></tr>
<tr>
<td title='Base.TestRunner.runScenario()'><b>runScenario</b><br>Test class: Base.TestRunner<br>Test method: Runs Cucumber Scenarios<br>Parameters: "This is my first data driven test case", "Learning Paremeterization"</td>
<td></td>
<td>8</td>
<td>Base.TestRunner@6f01b95f</td></tr>
</table><p>
</body>
</html>