{"uuid":"d83d49d0-b6d8-46fb-bab2-930ef1079d76","historyId":"9655f3bd25aa48d8bac5db645417b087","fullName":"src/test/resources/features/productsearch.feature:8","labels":[{"name":"host","value":"DESKTOP-FOELMIA"},{"name":"thread","value":"27428@DESKTOP-FOELMIA.main(1)"},{"name":"feature","value":"Product Search Page"},{"name":"story","value":"Verify Product Search Result when user enters Invalid product in search box"},{"name":"suite","value":"Product Search Page"},{"name":"testClass","value":"Verify Product Search Result when user enters Invalid product in search box"},{"name":"framework","value":"cucumber4jvm"},{"name":"language","value":"java"},{"name":"gherkin_uri","value":"file:///D:/JAVA/nop_Commerce_BDD/src/test/resources/features/productsearch.feature"},{"name":"package","value":"src.test.resources.features.productsearch_feature.Product Search Page"}],"links":[],"name":"Verify Product Search Result when user enters Invalid product in search box","status":"failed","statusDetails":{"known":false,"muted":false,"flaky":false,"message":"expected [We couldn't find any matches] but found [We couldn't find any matches!]","trace":"java.lang.AssertionError: expected [We couldn't find any matches] but found [We couldn't find any matches!]\r\n\tat org.testng.Assert.fail(Assert.java:110)\r\n\tat org.testng.Assert.failNotEquals(Assert.java:1577)\r\n\tat org.testng.Assert.assertEqualsImpl(Assert.java:149)\r\n\tat org.testng.Assert.assertEquals(Assert.java:131)\r\n\tat org.testng.Assert.assertEquals(Assert.java:655)\r\n\tat org.testng.Assert.assertEquals(Assert.java:665)\r\n\tat nop_Commerce_BDD.stepDef.ProductSearch.user_should_get_invalid_search_message(ProductSearch.java:70)\r\n\tat ✽.User should get Invalid search message \"We couldn't find any matches\"(file:///D:/JAVA/nop_Commerce_BDD/src/test/resources/features/productsearch.feature:12)\r\n"},"stage":"finished","steps":[{"name":"When  user search Invalid the product","status":"passed","statusDetails":{"known":false,"muted":false,"flaky":false},"stage":"finished","steps":[],"attachments":[],"parameters":[],"start":1711036498524,"stop":1711036505441},{"name":"Then  User should get Invalid search message \"We couldn't find any matches\"","status":"failed","statusDetails":{"known":false,"muted":false,"flaky":false,"message":"expected [We couldn't find any matches] but found [We couldn't find any matches!]","trace":"java.lang.AssertionError: expected [We couldn't find any matches] but found [We couldn't find any matches!]\r\n\tat org.testng.Assert.fail(Assert.java:110)\r\n\tat org.testng.Assert.failNotEquals(Assert.java:1577)\r\n\tat org.testng.Assert.assertEqualsImpl(Assert.java:149)\r\n\tat org.testng.Assert.assertEquals(Assert.java:131)\r\n\tat org.testng.Assert.assertEquals(Assert.java:655)\r\n\tat org.testng.Assert.assertEquals(Assert.java:665)\r\n\tat nop_Commerce_BDD.stepDef.ProductSearch.user_should_get_invalid_search_message(ProductSearch.java:70)\r\n\tat ✽.User should get Invalid search message \"We couldn't find any matches\"(file:///D:/JAVA/nop_Commerce_BDD/src/test/resources/features/productsearch.feature:12)\r\n"},"stage":"finished","steps":[],"attachments":[],"parameters":[],"start":1711036505442,"stop":1711036508615}],"attachments":[],"parameters":[],"start":1711036482200,"stop":1711036519975}