{"uuid":"f0c942d1-89b2-48d3-bbdd-95e09f84672a","historyId":"9655f3bd25aa48d8bac5db645417b087","fullName":"src/test/resources/features/productsearch.feature:8","labels":[{"name":"host","value":"DESKTOP-FOELMIA"},{"name":"thread","value":"30272@DESKTOP-FOELMIA.main(1)"},{"name":"feature","value":"Product Search Page"},{"name":"story","value":"Verify Product Search Result when user enters Invalid product in search box"},{"name":"suite","value":"Product Search Page"},{"name":"testClass","value":"Verify Product Search Result when user enters Invalid product in search box"},{"name":"framework","value":"cucumber4jvm"},{"name":"language","value":"java"},{"name":"gherkin_uri","value":"file:///D:/JAVA/nop_Commerce_BDD/src/test/resources/features/productsearch.feature"},{"name":"package","value":"src.test.resources.features.productsearch_feature.Product Search Page"}],"links":[],"name":"Verify Product Search Result when user enters Invalid product in search box","status":"failed","statusDetails":{"known":false,"muted":false,"flaky":false,"message":"expected [We couldn't find any matches] but found [We couldn't find any matches!]","trace":"java.lang.AssertionError: expected [We couldn't find any matches] but found [We couldn't find any matches!]\r\n\tat org.testng.Assert.fail(Assert.java:110)\r\n\tat org.testng.Assert.failNotEquals(Assert.java:1577)\r\n\tat org.testng.Assert.assertEqualsImpl(Assert.java:149)\r\n\tat org.testng.Assert.assertEquals(Assert.java:131)\r\n\tat org.testng.Assert.assertEquals(Assert.java:655)\r\n\tat org.testng.Assert.assertEquals(Assert.java:665)\r\n\tat nop_Commerce_BDD.stepDef.ProductSearch.user_should_get_invalid_search_message(ProductSearch.java:70)\r\n\tat ✽.User should get Invalid search message \"We couldn't find any matches\"(file:///D:/JAVA/nop_Commerce_BDD/src/test/resources/features/productsearch.feature:12)\r\n"},"stage":"finished","steps":[{"name":"When  user search Invalid the product","status":"passed","statusDetails":{"known":false,"muted":false,"flaky":false},"stage":"finished","steps":[],"attachments":[],"parameters":[],"start":1711035928342,"stop":1711035932750},{"name":"Then  User should get Invalid search message \"We couldn't find any matches\"","status":"failed","statusDetails":{"known":false,"muted":false,"flaky":false,"message":"expected [We couldn't find any matches] but found [We couldn't find any matches!]","trace":"java.lang.AssertionError: expected [We couldn't find any matches] but found [We couldn't find any matches!]\r\n\tat org.testng.Assert.fail(Assert.java:110)\r\n\tat org.testng.Assert.failNotEquals(Assert.java:1577)\r\n\tat org.testng.Assert.assertEqualsImpl(Assert.java:149)\r\n\tat org.testng.Assert.assertEquals(Assert.java:131)\r\n\tat org.testng.Assert.assertEquals(Assert.java:655)\r\n\tat org.testng.Assert.assertEquals(Assert.java:665)\r\n\tat nop_Commerce_BDD.stepDef.ProductSearch.user_should_get_invalid_search_message(ProductSearch.java:70)\r\n\tat ✽.User should get Invalid search message \"We couldn't find any matches\"(file:///D:/JAVA/nop_Commerce_BDD/src/test/resources/features/productsearch.feature:12)\r\n"},"stage":"finished","steps":[],"attachments":[],"parameters":[],"start":1711035932751,"stop":1711035935880}],"attachments":[],"parameters":[],"start":1711035915827,"stop":1711035946871}